\BOOKMARK [1][-]{Doc-Start}{\376\377\000H\000i\000s\000t\000o\000r\000i\000a\000l\000\040\000d\000e\000\040\000R\000e\000v\000i\000s\000i\000o\000n\000e\000s}{}% 1
\BOOKMARK [1][-]{section.1}{\376\377\000I\000n\000t\000r\000o\000d\000u\000c\000c\000i\000o\000n}{}% 2
\BOOKMARK [2][-]{subsection.1.1}{\376\377\000P\000r\000o\000p\000o\000s\000i\000t\000o}{section.1}% 3
\BOOKMARK [2][-]{subsection.1.2}{\376\377\000A\000l\000c\000a\000n\000c\000e}{section.1}% 4
\BOOKMARK [2][-]{subsection.1.3}{\376\377\000D\000e\000f\000i\000n\000i\000c\000i\000o\000n\000e\000s\000,\000\040\000A\000c\000r\000o\000n\000i\000m\000o\000s\000\040\000y\000\040\000A\000b\000r\000e\000v\000i\000a\000t\000u\000r\000a\000s}{section.1}% 5
\BOOKMARK [2][-]{subsection.1.4}{\376\377\000R\000e\000f\000e\000r\000e\000n\000c\000i\000a\000s}{section.1}% 6
\BOOKMARK [2][-]{subsection.1.5}{\376\377\000R\000e\000s\000u\000m\000e\000n}{section.1}% 7
\BOOKMARK [1][-]{section.2}{\376\377\000R\000e\000p\000r\000e\000s\000e\000n\000t\000a\000c\000i\000o\000n\000\040\000A\000r\000q\000u\000i\000t\000e\000c\000t\000o\000n\000i\000c\000a}{}% 8
\BOOKMARK [2][-]{subsection.2.1}{\376\377\000D\000e\000s\000c\000r\000i\000p\000c\000i\000o\000n\000\040\000G\000e\000n\000e\000r\000a\000l}{section.2}% 9
\BOOKMARK [2][-]{subsection.2.2}{\376\377\000D\000i\000a\000g\000r\000a\000m\000a\000\040\000d\000e\000\040\000C\000o\000m\000p\000o\000n\000e\000n\000t\000e\000s}{section.2}% 10
\BOOKMARK [2][-]{subsection.2.3}{\376\377\000P\000a\000t\000r\000o\000n\000e\000s\000\040\000d\000e\000\040\000D\000i\000s\000e\000n\000o\000\040\000U\000t\000i\000l\000i\000z\000a\000d\000o\000s}{section.2}% 11
\BOOKMARK [1][-]{section.3}{\376\377\000O\000b\000j\000e\000t\000i\000v\000o\000s\000\040\000y\000\040\000R\000e\000s\000t\000r\000i\000c\000c\000i\000o\000n\000e\000s\000\040\000A\000r\000q\000u\000i\000t\000e\000c\000t\000o\000n\000i\000c\000a\000s}{}% 12
\BOOKMARK [2][-]{subsection.3.1}{\376\377\000O\000b\000j\000e\000t\000i\000v\000o\000s\000\040\000A\000r\000q\000u\000i\000t\000e\000c\000t\000o\000n\000i\000c\000o\000s}{section.3}% 13
\BOOKMARK [2][-]{subsection.3.2}{\376\377\000R\000e\000s\000t\000r\000i\000c\000c\000i\000o\000n\000e\000s}{section.3}% 14
\BOOKMARK [2][-]{subsection.3.3}{\376\377\000R\000e\000q\000u\000i\000s\000i\000t\000o\000s\000\040\000N\000o\000\040\000F\000u\000n\000c\000i\000o\000n\000a\000l\000e\000s}{section.3}% 15
\BOOKMARK [1][-]{section.4}{\376\377\000V\000i\000s\000t\000a\000\040\000d\000e\000\040\000C\000a\000s\000o\000s\000\040\000d\000e\000\040\000U\000s\000o}{}% 16
\BOOKMARK [2][-]{subsection.4.1}{\376\377\000R\000e\000s\000u\000m\000e\000n\000\040\000d\000e\000\040\000A\000c\000t\000o\000r\000e\000s}{section.4}% 17
\BOOKMARK [2][-]{subsection.4.2}{\376\377\000D\000i\000a\000g\000r\000a\000m\000a\000\040\000G\000e\000n\000e\000r\000a\000l\000\040\000d\000e\000\040\000C\000a\000s\000o\000s\000\040\000d\000e\000\040\000U\000s\000o}{section.4}% 18
\BOOKMARK [2][-]{subsection.4.3}{\376\377\000C\000a\000s\000o\000s\000\040\000d\000e\000\040\000U\000s\000o\000\040\000p\000o\000r\000\040\000A\000c\000t\000o\000r}{section.4}% 19
\BOOKMARK [3][-]{subsubsection.4.3.1}{\376\377\000C\000a\000s\000o\000s\000\040\000d\000e\000\040\000U\000s\000o\000\040\000d\000e\000l\000\040\000A\000d\000m\000i\000n\000i\000s\000t\000r\000a\000d\000o\000r}{subsection.4.3}% 20
\BOOKMARK [3][-]{subsubsection.4.3.2}{\376\377\000C\000a\000s\000o\000s\000\040\000d\000e\000\040\000U\000s\000o\000\040\000d\000e\000l\000\040\000P\000r\000o\000f\000e\000s\000o\000r}{subsection.4.3}% 21
\BOOKMARK [3][-]{subsubsection.4.3.3}{\376\377\000C\000a\000s\000o\000s\000\040\000d\000e\000\040\000U\000s\000o\000\040\000d\000e\000l\000\040\000E\000s\000t\000u\000d\000i\000a\000n\000t\000e}{subsection.4.3}% 22
\BOOKMARK [2][-]{subsection.4.4}{\376\377\000D\000e\000t\000a\000l\000l\000e\000\040\000d\000e\000\040\000S\000u\000b\000s\000i\000s\000t\000e\000m\000a\000s}{section.4}% 23
\BOOKMARK [3][-]{subsubsection.4.4.1}{\376\377\000S\000u\000b\000s\000i\000s\000t\000e\000m\000a\000\040\000d\000e\000\040\000G\000e\000s\000t\000i\000o\000n\000\040\000d\000e\000\040\000C\000a\000r\000r\000e\000r\000a\000s}{subsection.4.4}% 24
\BOOKMARK [3][-]{subsubsection.4.4.2}{\376\377\000S\000u\000b\000s\000i\000s\000t\000e\000m\000a\000\040\000d\000e\000\040\000G\000e\000s\000t\000i\000o\000n\000\040\000d\000e\000\040\000E\000s\000t\000u\000d\000i\000a\000n\000t\000e\000s}{subsection.4.4}% 25
\BOOKMARK [3][-]{subsubsection.4.4.3}{\376\377\000S\000u\000b\000s\000i\000s\000t\000e\000m\000a\000\040\000d\000e\000\040\000G\000e\000s\000t\000i\000o\000n\000\040\000d\000e\000\040\000A\000s\000i\000g\000n\000a\000t\000u\000r\000a\000s}{subsection.4.4}% 26
\BOOKMARK [3][-]{subsubsection.4.4.4}{\376\377\000S\000u\000b\000s\000i\000s\000t\000e\000m\000a\000\040\000d\000e\000\040\000G\000e\000s\000t\000i\000o\000n\000\040\000d\000e\000\040\000P\000r\000o\000f\000e\000s\000o\000r\000e\000s}{subsection.4.4}% 27
\BOOKMARK [3][-]{subsubsection.4.4.5}{\376\377\000S\000u\000b\000s\000i\000s\000t\000e\000m\000a\000\040\000d\000e\000\040\000C\000a\000r\000g\000a\000\040\000A\000c\000a\000d\000e\000m\000i\000c\000a}{subsection.4.4}% 28
\BOOKMARK [3][-]{subsubsection.4.4.6}{\376\377\000S\000u\000b\000s\000i\000s\000t\000e\000m\000a\000\040\000d\000e\000\040\000I\000n\000s\000c\000r\000i\000p\000c\000i\000o\000n\000e\000s}{subsection.4.4}% 29
\BOOKMARK [3][-]{subsubsection.4.4.7}{\376\377\000S\000u\000b\000s\000i\000s\000t\000e\000m\000a\000\040\000d\000e\000\040\000R\000e\000g\000i\000s\000t\000r\000o\000\040\000d\000e\000\040\000N\000o\000t\000a\000s}{subsection.4.4}% 30
\BOOKMARK [3][-]{subsubsection.4.4.8}{\376\377\000S\000u\000b\000s\000i\000s\000t\000e\000m\000a\000\040\000d\000e\000\040\000P\000r\000e\000r\000r\000e\000q\000u\000i\000s\000i\000t\000o\000s}{subsection.4.4}% 31
\BOOKMARK [3][-]{subsubsection.4.4.9}{\376\377\000S\000u\000b\000s\000i\000s\000t\000e\000m\000a\000\040\000d\000e\000\040\000G\000e\000s\000t\000i\000o\000n\000\040\000d\000e\000\040\000P\000e\000n\000s\000u\000m}{subsection.4.4}% 32
\BOOKMARK [3][-]{subsubsection.4.4.10}{\376\377\000S\000u\000b\000s\000i\000s\000t\000e\000m\000a\000\040\000d\000e\000\040\000C\000o\000n\000s\000u\000l\000t\000a\000s\000\040\000y\000\040\000R\000e\000p\000o\000r\000t\000e\000s}{subsection.4.4}% 33
\BOOKMARK [2][-]{subsection.4.5}{\376\377\000M\000a\000t\000r\000i\000z\000\040\000d\000e\000\040\000T\000r\000a\000z\000a\000b\000i\000l\000i\000d\000a\000d\000\040\000d\000e\000\040\000C\000a\000s\000o\000s\000\040\000d\000e\000\040\000U\000s\000o}{section.4}% 34
\BOOKMARK [1][-]{section.5}{\376\377\000V\000i\000s\000t\000a\000\040\000L\000o\000g\000i\000c\000a}{}% 35
\BOOKMARK [2][-]{subsection.5.1}{\376\377\000D\000e\000s\000c\000r\000i\000p\000c\000i\000o\000n\000\040\000G\000e\000n\000e\000r\000a\000l}{section.5}% 36
\BOOKMARK [2][-]{subsection.5.2}{\376\377\000E\000s\000t\000r\000u\000c\000t\000u\000r\000a\000\040\000d\000e\000\040\000P\000a\000q\000u\000e\000t\000e\000s}{section.5}% 37
\BOOKMARK [2][-]{subsection.5.3}{\376\377\000D\000e\000s\000c\000r\000i\000p\000c\000i\000o\000n\000\040\000d\000e\000\040\000C\000l\000a\000s\000e\000s\000\040\000P\000r\000i\000n\000c\000i\000p\000a\000l\000e\000s}{section.5}% 38
\BOOKMARK [3][-]{subsubsection.5.3.1}{\376\377\000C\000a\000p\000a\000\040\000d\000e\000\040\000M\000o\000d\000e\000l\000o\000\040\000\050\000M\000o\000d\000e\000l\000\051}{subsection.5.3}% 39
\BOOKMARK [3][-]{subsubsection.5.3.2}{\376\377\000C\000a\000p\000a\000\040\000d\000e\000\040\000A\000c\000c\000e\000s\000o\000\040\000a\000\040\000D\000a\000t\000o\000s\000\040\000\050\000D\000A\000O\000\051}{subsection.5.3}% 40
\BOOKMARK [3][-]{subsubsection.5.3.3}{\376\377\000C\000l\000a\000s\000e\000\040\000O\000p\000e\000r\000a\000t\000i\000o\000n\000R\000e\000s\000u\000l\000t}{subsection.5.3}% 41
\BOOKMARK [2][-]{subsection.5.4}{\376\377\000P\000a\000t\000r\000o\000n\000e\000s\000\040\000d\000e\000\040\000D\000i\000s\000e\000n\000o\000\040\000A\000p\000l\000i\000c\000a\000d\000o\000s}{section.5}% 42
\BOOKMARK [3][-]{subsubsection.5.4.1}{\376\377\000P\000a\000t\000r\000o\000n\000\040\000S\000i\000n\000g\000l\000e\000t\000o\000n}{subsection.5.4}% 43
\BOOKMARK [3][-]{subsubsection.5.4.2}{\376\377\000P\000a\000t\000r\000o\000n\000\040\000D\000A\000O}{subsection.5.4}% 44
\BOOKMARK [1][-]{section.6}{\376\377\000V\000i\000s\000t\000a\000\040\000d\000e\000\040\000P\000r\000o\000c\000e\000s\000o\000s}{}% 45
\BOOKMARK [2][-]{subsection.6.1}{\376\377\000D\000e\000s\000c\000r\000i\000p\000c\000i\000o\000n\000\040\000G\000e\000n\000e\000r\000a\000l}{section.6}% 46
\BOOKMARK [2][-]{subsection.6.2}{\376\377\000F\000l\000u\000j\000o\000\040\000d\000e\000\040\000I\000n\000s\000c\000r\000i\000p\000c\000i\000o\000n\000\040\000d\000e\000\040\000E\000s\000t\000u\000d\000i\000a\000n\000t\000e}{section.6}% 47
\BOOKMARK [2][-]{subsection.6.3}{\376\377\000F\000l\000u\000j\000o\000\040\000d\000e\000\040\000R\000e\000g\000i\000s\000t\000r\000o\000\040\000d\000e\000\040\000N\000o\000t\000a\000s}{section.6}% 48
\BOOKMARK [2][-]{subsection.6.4}{\376\377\000F\000l\000u\000j\000o\000\040\000d\000e\000\040\000A\000u\000t\000e\000n\000t\000i\000c\000a\000c\000i\000o\000n}{section.6}% 49
\BOOKMARK [1][-]{section.7}{\376\377\000V\000i\000s\000t\000a\000\040\000d\000e\000\040\000D\000e\000s\000p\000l\000i\000e\000g\000u\000e}{}% 50
\BOOKMARK [2][-]{subsection.7.1}{\376\377\000D\000e\000s\000c\000r\000i\000p\000c\000i\000o\000n\000\040\000d\000e\000\040\000l\000a\000\040\000I\000n\000f\000r\000a\000e\000s\000t\000r\000u\000c\000t\000u\000r\000a}{section.7}% 51
\BOOKMARK [2][-]{subsection.7.2}{\376\377\000C\000o\000n\000f\000i\000g\000u\000r\000a\000c\000i\000o\000n\000\040\000d\000e\000\040\000H\000a\000r\000d\000w\000a\000r\000e\000\040\000y\000\040\000S\000o\000f\000t\000w\000a\000r\000e}{section.7}% 52
\BOOKMARK [2][-]{subsection.7.3}{\376\377\000D\000i\000a\000g\000r\000a\000m\000a\000\040\000d\000e\000\040\000D\000e\000s\000p\000l\000i\000e\000g\000u\000e}{section.7}% 53
\BOOKMARK [2][-]{subsection.7.4}{\376\377\000C\000o\000n\000f\000i\000g\000u\000r\000a\000c\000i\000o\000n\000\040\000d\000e\000\040\000R\000e\000d}{section.7}% 54
\BOOKMARK [1][-]{section.8}{\376\377\000V\000i\000s\000t\000a\000\040\000d\000e\000\040\000D\000a\000t\000o\000s}{}% 55
\BOOKMARK [2][-]{subsection.8.1}{\376\377\000M\000o\000d\000e\000l\000o\000\040\000E\000n\000t\000i\000d\000a\000d\000-\000R\000e\000l\000a\000c\000i\000o\000n}{section.8}% 56
\BOOKMARK [2][-]{subsection.8.2}{\376\377\000R\000e\000s\000t\000r\000i\000c\000c\000i\000o\000n\000e\000s\000\040\000d\000e\000\040\000I\000n\000t\000e\000g\000r\000i\000d\000a\000d}{section.8}% 57
\BOOKMARK [2][-]{subsection.8.3}{\376\377\000T\000r\000i\000g\000g\000e\000r\000s\000\040\000y\000\040\000S\000t\000o\000r\000e\000d\000\040\000P\000r\000o\000c\000e\000d\000u\000r\000e\000s}{section.8}% 58
\BOOKMARK [3][-]{subsubsection.8.3.1}{\376\377\000T\000r\000i\000g\000g\000e\000r\000\040\000t\000r\000g\000\137\000c\000a\000l\000c\000u\000l\000o\000\137\000n\000o\000t\000a\000s}{subsection.8.3}% 59
\BOOKMARK [3][-]{subsubsection.8.3.2}{\376\377\000S\000t\000o\000r\000e\000d\000\040\000P\000r\000o\000c\000e\000d\000u\000r\000e\000\040\000s\000p\000\137\000i\000n\000s\000c\000r\000i\000b\000i\000r\000\137\000e\000s\000t\000u\000d\000i\000a\000n\000t\000e}{subsection.8.3}% 60
\BOOKMARK [2][-]{subsection.8.4}{\376\377\000C\000o\000n\000t\000r\000o\000l\000\040\000d\000e\000\040\000A\000c\000c\000e\000s\000o\000\040\000\050\000R\000B\000A\000C\000\051}{section.8}% 61
\BOOKMARK [1][-]{section.9}{\376\377\000T\000a\000m\000a\000n\000o\000\040\000y\000\040\000R\000e\000n\000d\000i\000m\000i\000e\000n\000t\000o}{}% 62
\BOOKMARK [2][-]{subsection.9.1}{\376\377\000E\000s\000t\000i\000m\000a\000c\000i\000o\000n\000\040\000d\000e\000\040\000T\000a\000m\000a\000n\000o}{section.9}% 63
\BOOKMARK [2][-]{subsection.9.2}{\376\377\000R\000e\000q\000u\000i\000s\000i\000t\000o\000s\000\040\000d\000e\000\040\000R\000e\000n\000d\000i\000m\000i\000e\000n\000t\000o}{section.9}% 64
\BOOKMARK [1][-]{section.10}{\376\377\000C\000a\000l\000i\000d\000a\000d}{}% 65
\BOOKMARK [2][-]{subsection.10.1}{\376\377\000M\000a\000n\000t\000e\000n\000i\000b\000i\000l\000i\000d\000a\000d}{section.10}% 66
\BOOKMARK [2][-]{subsection.10.2}{\376\377\000P\000o\000r\000t\000a\000b\000i\000l\000i\000d\000a\000d}{section.10}% 67
\BOOKMARK [2][-]{subsection.10.3}{\376\377\000S\000e\000g\000u\000r\000i\000d\000a\000d}{section.10}% 68
\BOOKMARK [2][-]{subsection.10.4}{\376\377\000U\000s\000a\000b\000i\000l\000i\000d\000a\000d}{section.10}% 69
\BOOKMARK [2][-]{subsection.10.5}{\376\377\000F\000i\000a\000b\000i\000l\000i\000d\000a\000d}{section.10}% 70
\BOOKMARK [1][-]{section.11}{\376\377\000A\000n\000e\000x\000o\000:\000\040\000C\000o\000d\000i\000g\000o\000\040\000F\000u\000e\000n\000t\000e\000\040\000P\000l\000a\000n\000t\000U\000M\000L}{}% 71
\BOOKMARK [2][-]{subsection.11.1}{\376\377\000D\000i\000a\000g\000r\000a\000m\000a\000\040\000G\000e\000n\000e\000r\000a\000l\000\040\000d\000e\000\040\000C\000a\000s\000o\000s\000\040\000d\000e\000\040\000U\000s\000o}{section.11}% 72
\BOOKMARK [2][-]{subsection.11.2}{\376\377\000C\000a\000s\000o\000s\000\040\000d\000e\000\040\000U\000s\000o\000\040\000d\000e\000l\000\040\000A\000d\000m\000i\000n\000i\000s\000t\000r\000a\000d\000o\000r}{section.11}% 73
\BOOKMARK [2][-]{subsection.11.3}{\376\377\000C\000a\000s\000o\000s\000\040\000d\000e\000\040\000U\000s\000o\000\040\000d\000e\000l\000\040\000P\000r\000o\000f\000e\000s\000o\000r}{section.11}% 74
\BOOKMARK [2][-]{subsection.11.4}{\376\377\000C\000a\000s\000o\000s\000\040\000d\000e\000\040\000U\000s\000o\000\040\000d\000e\000l\000\040\000E\000s\000t\000u\000d\000i\000a\000n\000t\000e}{section.11}% 75
\BOOKMARK [2][-]{subsection.11.5}{\376\377\000D\000i\000a\000g\000r\000a\000m\000a\000s\000\040\000d\000e\000\040\000S\000u\000b\000s\000i\000s\000t\000e\000m\000a\000s}{section.11}% 76
\BOOKMARK [2][-]{subsection.11.6}{\376\377\000M\000a\000t\000r\000i\000z\000\040\000d\000e\000\040\000T\000r\000a\000z\000a\000b\000i\000l\000i\000d\000a\000d}{section.11}% 77
